#
# A fatal error has been detected by the Java Runtime Environment:
#
#  EXCEPTION_ACCESS_VIOLATION (0xc0000005) at pc=0x0000017a086c12e7, pid=32728, tid=32132
#
# JRE version: OpenJDK Runtime Environment Corretto-11.0.22.7.1 (11.0.22+7) (build 11.0.22+7-LTS)
# Java VM: OpenJDK 64-Bit Server VM Corretto-11.0.22.7.1 (11.0.22+7-LTS, mixed mode, tiered, compressed oops, g1 gc, windows-amd64)
# Problematic frame:
# v  ~StubRoutines::get_previous_fp
#
# No core dump will be written. Minidumps are not enabled by default on client versions of Windows
#
# If you would like to submit a bug report, please visit:
#   https://github.com/corretto/corretto-11/issues/
#

---------------  S U M M A R Y ------------

Command Line: -javaagent:C:\\Users\\Алина\\.m2\\repository\\org\\jacoco\\org.jacoco.agent\\0.8.8\\org.jacoco.agent-0.8.8-runtime.jar=destfile=C:\\Users\\Алина\\Education\\java_ts\\java-shareit\\target\\jacoco.exec,output=file C:\Users\8ADB~1\AppData\Local\Temp\surefire15307852752053945546\surefirebooter562860520370189563.jar C:\Users\Алина\AppData\Local\Temp\surefire15307852752053945546 2024-07-08T17-06-50_625-jvmRun1 surefire7563270431675654124tmp surefire_03703802682235414196tmp

Host: 11th Gen Intel(R) Core(TM) i5-1135G7 @ 2.40GHz, 8 cores, 15G,  Windows 10 , 64 bit Build 19041 (10.0.19041.3636)
Time: Mon Jul  8 17:06:51 2024  Windows 10 , 64 bit Build 19041 (10.0.19041.3636) elapsed time: 0.240847 seconds (0d 0h 0m 0s)

---------------  T H R E A D  ---------------

Current thread (0x0000017a7cc18000):  JavaThread "main" [_thread_in_vm, id=32132, stack(0x0000004e24900000,0x0000004e24a00000)]

Stack: [0x0000004e24900000,0x0000004e24a00000],  sp=0x0000004e249ff760,  free space=1021k
Native frames: (J=compiled Java code, j=interpreted, Vv=VM code, C=native code)
C  0x0000017a086c12e7


siginfo: EXCEPTION_ACCESS_VIOLATION (0xc0000005), reading address 0x00000000000003d8


Register to memory mapping:

RIP=0x0000017a086c12e7 is at begin+8 in a stub
StubRoutines::get_previous_fp [0x0000017a086c12df, 0x0000017a086c12ec[ (13 bytes)
RAX=0x00000000000003d8 is an unknown value
RBX=0x0000004e249ff800 is pointing into the stack for thread: 0x0000017a7cc18000
RCX=0x0000004e249ff800 is pointing into the stack for thread: 0x0000017a7cc18000
RDX=0x0 is NULL
RSP=0x0000004e249ff760 is pointing into the stack for thread: 0x0000017a7cc18000
RBP=0x0000004e249ff760 is pointing into the stack for thread: 0x0000017a7cc18000
RSI=0x0 is NULL
RDI=0x0000017a7cc18000 is a thread
R8 =0x0000004e249ff6d8 is pointing into the stack for thread: 0x0000017a7cc18000
R9 =0x0000000000000001 is an unknown value
R10=0x0 is NULL
R11=0x0000004e249ff790 is pointing into the stack for thread: 0x0000017a7cc18000
R12=0x0000017a7cc18f98 points into unknown readable memory: 0x08036f1bfd76c497 | 97 c4 76 fd 1b 6f 03 08
R13=0x0000017a7f217958 points into unknown readable memory: 0x0000017a7a976610 | 10 66 97 7a 7a 01 00 00
R14=0x0000017a7fd15e60 points into unknown readable memory: 0x00000000ffffffff | ff ff ff ff 00 00 00 00
R15=0x0000017a7cc18bc0 points into unknown readable memory: 0x0072006f006d0020 | 20 00 6d 00 6f 00 72 00


Registers:
RAX=0x00000000000003d8, RBX=0x0000004e249ff800, RCX=0x0000004e249ff800, RDX=0x0000000000000000
RSP=0x0000004e249ff760, RBP=0x0000004e249ff760, RSI=0x0000000000000000, RDI=0x0000017a7cc18000
R8 =0x0000004e249ff6d8, R9 =0x0000000000000001, R10=0x0000000000000000, R11=0x0000004e249ff790
R12=0x0000017a7cc18f98, R13=0x0000017a7f217958, R14=0x0000017a7fd15e60, R15=0x0000017a7cc18bc0
RIP=0x0000017a086c12e7, EFLAGS=0x0000000000010202

Top of Stack: (sp=0x0000004e249ff760)
0x0000004e249ff760:   00000000000003d8 00007ffb56ea5376
0x0000004e249ff770:   00000000000000af 0000004e249ff860
0x0000004e249ff780:   00007ffbcd5782d0 00007ffbd43cb3e4
0x0000004e249ff790:   0000017a7cc18bb0 00007ffb5692232c
0x0000004e249ff7a0:   0000017a7cc18000 0000017a7a97f4a0
0x0000004e249ff7b0:   00000000000007d0 0000000000007fd8
0x0000004e249ff7c0:   0000017a7cc18000 00007ffb56ff9301
0x0000004e249ff7d0:   0000017a7a97f4a0 0000017a7cc18bb0
0x0000004e249ff7e0:   0000017a7cc18bb0 0000017a7f322078
0x0000004e249ff7f0:   0000017a7cc0b618 00007ffbcd57148c
0x0000004e249ff800:   0000000000000000 0000000000000024
0x0000004e249ff810:   00007ffbcd5782d0 0000004e249ff860
0x0000004e249ff820:   00007ffbd449f540 0000000000000000
0x0000004e249ff830:   000053c29c09bbaa 00007ffbcd577ae0
0x0000004e249ff840:   0000017a7cc18000 00007ffb56ea7ac0
0x0000004e249ff850:   0000017a7cc18348 00007ffbcd5782d0 

Instructions: (pc=0x0000017a086c12e7)
0x0000017a086c11e7:   40 18 85 98 fe ff ff 00 62 63 35 40 18 8d 88 fe
0x0000017a086c11f7:   ff ff 00 62 63 2d 40 18 95 78 fe ff ff 00 62 63
0x0000017a086c1207:   25 40 18 9d 68 fe ff ff 00 62 63 1d 40 18 a5 58
0x0000017a086c1217:   fe ff ff 00 62 63 15 40 18 ad 48 fe ff ff 00 62
0x0000017a086c1227:   63 0d 40 18 b5 38 fe ff ff 00 62 63 05 40 18 bd
0x0000017a086c1237:   28 fe ff ff 00 4c 8b 7d c8 4c 8b 75 d0 4c 8b 6d
0x0000017a086c1247:   d8 4c 8b 65 e0 48 8b 5d f8 48 8b 7d e8 48 8b 75
0x0000017a086c1257:   f0 48 81 c4 d8 01 00 00 c5 f8 77 5d c3 48 89 01
0x0000017a086c1267:   e9 ab fe ff ff c5 fa 11 01 e9 a2 fe ff ff c5 fb
0x0000017a086c1277:   11 01 e9 99 fe ff ff 49 89 47 08 49 ba a0 53 1a
0x0000017a086c1287:   57 fb 7f 00 00 4d 89 57 10 41 c7 47 18 da 01 00
0x0000017a086c1297:   00 e9 4d fe ff ff 8b c1 87 02 c3 48 8b c1 48 87
0x0000017a086c12a7:   02 c3 41 8b c0 f0 0f b1 0a c3 49 0f be c0 f0 0f
0x0000017a086c12b7:   b0 0a c3 49 8b c0 f0 48 0f b1 0a c3 8b c1 f0 0f
0x0000017a086c12c7:   c1 0a 03 c1 c3 48 8b c1 f0 48 0f c1 0a 48 03 c1
0x0000017a086c12d7:   c3 f0 83 44 24 c0 00 c3 55 48 8b ec 48 8b 45 00
0x0000017a086c12e7:   48 8b 00 5d c3 48 8b c4 48 83 c0 08 c3 c3 66 66
0x0000017a086c12f7:   66 0f 1f 84 00 00 00 00 00 55 48 8b ec 41 54 48
0x0000017a086c1307:   83 ec 28 49 b9 60 09 30 57 fb 7f 00 00 f7 d1 41
0x0000017a086c1317:   bc 00 00 00 00 41 81 f8 00 01 00 00 0f 8c b5 02
0x0000017a086c1327:   00 00 c5 79 6e d1 62 b1 fe 48 6f 04 22 62 b1 fe
0x0000017a086c1337:   48 6f 64 22 01 62 d1 fd 48 ef c2 62 52 7d 48 5a
0x0000017a086c1347:   51 02 41 81 e8 00 01 00 00 41 81 f8 00 01 00 00
0x0000017a086c1357:   0f 8c 01 01 00 00 62 b1 fe 48 6f 7c 22 02 62 31
0x0000017a086c1367:   fe 48 6f 44 22 03 62 c2 7d 48 5a 01 41 81 e8 00
0x0000017a086c1377:   01 00 00 41 81 c4 00 01 00 00 62 b1 fe 48 6f 1c
0x0000017a086c1387:   22 62 b3 7d 48 44 c8 10 62 b3 7d 48 44 d0 01 62
0x0000017a086c1397:   f1 f5 48 ef c2 62 f1 fd 48 ef c3 62 b1 fe 48 6f
0x0000017a086c13a7:   5c 22 01 62 b3 5d 48 44 c8 10 62 b3 5d 48 44 d0
0x0000017a086c13b7:   01 62 f1 f5 48 ef e2 62 f1 dd 48 ef e3 62 b1 fe
0x0000017a086c13c7:   48 6f 5c 22 02 62 b3 45 48 44 c8 10 62 b3 45 48
0x0000017a086c13d7:   44 d0 01 62 f1 f5 48 ef fa 62 f1 c5 48 ef fb 62 


Stack slot to memory mapping:
stack at sp + 0 slots: 0x00000000000003d8 is an unknown value
stack at sp + 1 slots: 0x00007ffb56ea5376 jvm.dll
stack at sp + 2 slots: 0x00000000000000af is an unknown value
stack at sp + 3 slots: 0x0000004e249ff860 is pointing into the stack for thread: 0x0000017a7cc18000
stack at sp + 4 slots: 0x00007ffbcd5782d0 instrument.dll
stack at sp + 5 slots: 0x00007ffbd43cb3e4 ucrtbase.dll
stack at sp + 6 slots: 0x0000017a7cc18bb0 points into unknown readable memory: 0x0000017a7fd15e50 | 50 5e d1 7f 7a 01 00 00
stack at sp + 7 slots: 0x00007ffb5692232c jvm.dll

StubRoutines::get_previous_fp [0x0000017a086c12df, 0x0000017a086c12ec[ (13 bytes)
---------------  P R O C E S S  ---------------

Threads class SMR info:
_java_thread_list=0x0000017a7fe01270, length=11, elements={
0x0000017a7cc18000, 0x0000017a7f325000, 0x0000017a7fbdb000, 0x0000017a7fc38000,
0x0000017a7fc39000, 0x0000017a7fc3c000, 0x0000017a7fc3d800, 0x0000017a7fc40000,
0x0000017a7fc41800, 0x0000017a7fdbb000, 0x0000017a7fe19800
}

Java Threads: ( => current thread )
=>0x0000017a7cc18000 JavaThread "main" [_thread_in_vm, id=32132, stack(0x0000004e24900000,0x0000004e24a00000)]
  0x0000017a7f325000 JavaThread "Reference Handler" daemon [_thread_blocked, id=24260, stack(0x0000004e25000000,0x0000004e25100000)]
  0x0000017a7fbdb000 JavaThread "Finalizer" daemon [_thread_blocked, id=9392, stack(0x0000004e25100000,0x0000004e25200000)]
  0x0000017a7fc38000 JavaThread "Signal Dispatcher" daemon [_thread_blocked, id=33732, stack(0x0000004e25200000,0x0000004e25300000)]
  0x0000017a7fc39000 JavaThread "Attach Listener" daemon [_thread_blocked, id=31820, stack(0x0000004e25300000,0x0000004e25400000)]
  0x0000017a7fc3c000 JavaThread "Service Thread" daemon [_thread_blocked, id=32932, stack(0x0000004e25400000,0x0000004e25500000)]
  0x0000017a7fc3d800 JavaThread "C2 CompilerThread0" daemon [_thread_blocked, id=34308, stack(0x0000004e25500000,0x0000004e25600000)]
  0x0000017a7fc40000 JavaThread "C1 CompilerThread0" daemon [_thread_blocked, id=620, stack(0x0000004e25600000,0x0000004e25700000)]
  0x0000017a7fc41800 JavaThread "Sweeper thread" daemon [_thread_blocked, id=14472, stack(0x0000004e25700000,0x0000004e25800000)]
  0x0000017a7fdbb000 JavaThread "Common-Cleaner" daemon [_thread_blocked, id=28652, stack(0x0000004e25800000,0x0000004e25900000)]
  0x0000017a7fe19800 JavaThread "C2 CompilerThread1" daemon [_thread_blocked, id=26352, stack(0x0000004e25900000,0x0000004e25a00000)]

Other Threads:
  0x0000017a7f321000 VMThread "VM Thread" [stack: 0x0000004e24f00000,0x0000004e25000000] [id=32244]
  0x0000017a7cc2f000 GCTaskThread "GC Thread#0" [stack: 0x0000004e24a00000,0x0000004e24b00000] [id=11636]
  0x0000017a7cc8c000 ConcurrentGCThread "G1 Main Marker" [stack: 0x0000004e24b00000,0x0000004e24c00000] [id=17040]
  0x0000017a7cc8d800 ConcurrentGCThread "G1 Conc#0" [stack: 0x0000004e24c00000,0x0000004e24d00000] [id=11252]
  0x0000017a7f20f000 ConcurrentGCThread "G1 Refine#0" [stack: 0x0000004e24d00000,0x0000004e24e00000] [id=14580]
  0x0000017a7f210000 ConcurrentGCThread "G1 Young RemSet Sampling" [stack: 0x0000004e24e00000,0x0000004e24f00000] [id=26204]

Threads with active compile tasks:

VM state:not at safepoint (normal execution)

VM Mutex/Monitor currently owned by a thread: None

Heap address: 0x0000000704000000, size: 4032 MB, Compressed Oops mode: Zero based, Oop shift amount: 3
Narrow klass base: 0x0000000800000000, Narrow klass shift: 0
Compressed class space size: 1073741824 Address: 0x0000000800000000

Heap:
 garbage-first heap   total 258048K, used 10240K [0x0000000704000000, 0x0000000800000000)
  region size 1024K, 10 young (10240K), 0 survivors (0K)
 Metaspace       used 6914K, capacity 7042K, committed 7168K, reserved 1056768K
  class space    used 590K, capacity 643K, committed 768K, reserved 1048576K
Heap Regions: E=young(eden), S=young(survivor), O=old, HS=humongous(starts), HC=humongous(continues), CS=collection set, F=free, A=archive, TAMS=top-at-mark-start (previous, next)
|   0|0x0000000704000000, 0x0000000704100000, 0x0000000704100000|100%|HS|  |TAMS 0x0000000704000000, 0x0000000704000000| Complete 
|   1|0x0000000704100000, 0x0000000704100000, 0x0000000704200000|  0%| F|  |TAMS 0x0000000704100000, 0x0000000704100000| Untracked 
|   2|0x0000000704200000, 0x0000000704200000, 0x0000000704300000|  0%| F|  |TAMS 0x0000000704200000, 0x0000000704200000| Untracked 
|   3|0x0000000704300000, 0x0000000704300000, 0x0000000704400000|  0%| F|  |TAMS 0x0000000704300000, 0x0000000704300000| Untracked 
|   4|0x0000000704400000, 0x0000000704400000, 0x0000000704500000|  0%| F|  |TAMS 0x0000000704400000, 0x0000000704400000| Untracked 
|   5|0x0000000704500000, 0x0000000704500000, 0x0000000704600000|  0%| F|  |TAMS 0x0000000704500000, 0x0000000704500000| Untracked 
|   6|0x0000000704600000, 0x0000000704600000, 0x0000000704700000|  0%| F|  |TAMS 0x0000000704600000, 0x0000000704600000| Untracked 
|   7|0x0000000704700000, 0x0000000704700000, 0x0000000704800000|  0%| F|  |TAMS 0x0000000704700000, 0x0000000704700000| Untracked 
|   8|0x0000000704800000, 0x0000000704800000, 0x0000000704900000|  0%| F|  |TAMS 0x0000000704800000, 0x0000000704800000| Untracked 
|   9|0x0000000704900000, 0x0000000704900000, 0x0000000704a00000|  0%| F|  |TAMS 0x0000000704900000, 0x0000000704900000| Untracked 
|  10|0x0000000704a00000, 0x0000000704a00000, 0x0000000704b00000|  0%| F|  |TAMS 0x0000000704a00000, 0x0000000704a00000| Untracked 
|  11|0x0000000704b00000, 0x0000000704b00000, 0x0000000704c00000|  0%| F|  |TAMS 0x0000000704b00000, 0x0000000704b00000| Untracked 
|  12|0x0000000704c00000, 0x0000000704c00000, 0x0000000704d00000|  0%| F|  |TAMS 0x0000000704c00000, 0x0000000704c00000| Untracked 
|  13|0x0000000704d00000, 0x0000000704d00000, 0x0000000704e00000|  0%| F|  |TAMS 0x0000000704d00000, 0x0000000704d00000| Untracked 
|  14|0x0000000704e00000, 0x0000000704e00000, 0x0000000704f00000|  0%| F|  |TAMS 0x0000000704e00000, 0x0000000704e00000| Untracked 
|  15|0x0000000704f00000, 0x0000000704f00000, 0x0000000705000000|  0%| F|  |TAMS 0x0000000704f00000, 0x0000000704f00000| Untracked 
|  16|0x0000000705000000, 0x0000000705000000, 0x0000000705100000|  0%| F|  |TAMS 0x0000000705000000, 0x0000000705000000| Untracked 
|  17|0x0000000705100000, 0x0000000705100000, 0x0000000705200000|  0%| F|  |TAMS 0x0000000705100000, 0x0000000705100000| Untracked 
|  18|0x0000000705200000, 0x0000000705200000, 0x0000000705300000|  0%| F|  |TAMS 0x0000000705200000, 0x0000000705200000| Untracked 
|  19|0x0000000705300000, 0x0000000705300000, 0x0000000705400000|  0%| F|  |TAMS 0x0000000705300000, 0x0000000705300000| Untracked 
|  20|0x0000000705400000, 0x0000000705400000, 0x0000000705500000|  0%| F|  |TAMS 0x0000000705400000, 0x0000000705400000| Untracked 
|  21|0x0000000705500000, 0x0000000705500000, 0x0000000705600000|  0%| F|  |TAMS 0x0000000705500000, 0x0000000705500000| Untracked 
|  22|0x0000000705600000, 0x0000000705600000, 0x0000000705700000|  0%| F|  |TAMS 0x0000000705600000, 0x0000000705600000| Untracked 
|  23|0x0000000705700000, 0x0000000705700000, 0x0000000705800000|  0%| F|  |TAMS 0x0000000705700000, 0x0000000705700000| Untracked 
|  24|0x0000000705800000, 0x0000000705800000, 0x0000000705900000|  0%| F|  |TAMS 0x0000000705800000, 0x0000000705800000| Untracked 
|  25|0x0000000705900000, 0x0000000705900000, 0x0000000705a00000|  0%| F|  |TAMS 0x0000000705900000, 0x0000000705900000| Untracked 
|  26|0x0000000705a00000, 0x0000000705a00000, 0x0000000705b00000|  0%| F|  |TAMS 0x0000000705a00000, 0x0000000705a00000| Untracked 
|  27|0x0000000705b00000, 0x0000000705b00000, 0x0000000705c00000|  0%| F|  |TAMS 0x0000000705b00000, 0x0000000705b00000| Untracked 
|  28|0x0000000705c00000, 0x0000000705c00000, 0x0000000705d00000|  0%| F|  |TAMS 0x0000000705c00000, 0x0000000705c00000| Untracked 
|  29|0x0000000705d00000, 0x0000000705d00000, 0x0000000705e00000|  0%| F|  |TAMS 0x0000000705d00000, 0x0000000705d00000| Untracked 
|  30|0x0000000705e00000, 0x0000000705e00000, 0x0000000705f00000|  0%| F|  |TAMS 0x0000000705e00000, 0x0000000705e00000| Untracked 
|  31|0x0000000705f00000, 0x0000000705f00000, 0x0000000706000000|  0%| F|  |TAMS 0x0000000705f00000, 0x0000000705f00000| Untracked 
|  32|0x0000000706000000, 0x0000000706000000, 0x0000000706100000|  0%| F|  |TAMS 0x0000000706000000, 0x0000000706000000| Untracked 
|  33|0x0000000706100000, 0x0000000706100000, 0x0000000706200000|  0%| F|  |TAMS 0x0000000706100000, 0x0000000706100000| Untracked 
|  34|0x0000000706200000, 0x0000000706200000, 0x0000000706300000|  0%| F|  |TAMS 0x0000000706200000, 0x0000000706200000| Untracked 
|  35|0x0000000706300000, 0x0000000706300000, 0x0000000706400000|  0%| F|  |TAMS 0x0000000706300000, 0x0000000706300000| Untracked 
|  36|0x0000000706400000, 0x0000000706400000, 0x0000000706500000|  0%| F|  |TAMS 0x0000000706400000, 0x0000000706400000| Untracked 
|  37|0x0000000706500000, 0x0000000706500000, 0x0000000706600000|  0%| F|  |TAMS 0x0000000706500000, 0x0000000706500000| Untracked 
|  38|0x0000000706600000, 0x0000000706600000, 0x0000000706700000|  0%| F|  |TAMS 0x0000000706600000, 0x0000000706600000| Untracked 
|  39|0x0000000706700000, 0x0000000706700000, 0x0000000706800000|  0%| F|  |TAMS 0x0000000706700000, 0x0000000706700000| Untracked 
|  40|0x0000000706800000, 0x0000000706800000, 0x0000000706900000|  0%| F|  |TAMS 0x0000000706800000, 0x0000000706800000| Untracked 
|  41|0x0000000706900000, 0x0000000706900000, 0x0000000706a00000|  0%| F|  |TAMS 0x0000000706900000, 0x0000000706900000| Untracked 
|  42|0x0000000706a00000, 0x0000000706a00000, 0x0000000706b00000|  0%| F|  |TAMS 0x0000000706a00000, 0x0000000706a00000| Untracked 
|  43|0x0000000706b00000, 0x0000000706b00000, 0x0000000706c00000|  0%| F|  |TAMS 0x0000000706b00000, 0x0000000706b00000| Untracked 
|  44|0x0000000706c00000, 0x0000000706c00000, 0x0000000706d00000|  0%| F|  |TAMS 0x0000000706c00000, 0x0000000706c00000| Untracked 
|  45|0x0000000706d00000, 0x0000000706d00000, 0x0000000706e00000|  0%| F|  |TAMS 0x0000000706d00000, 0x0000000706d00000| Untracked 
|  46|0x0000000706e00000, 0x0000000706e00000, 0x0000000706f00000|  0%| F|  |TAMS 0x0000000706e00000, 0x0000000706e00000| Untracked 
|  47|0x0000000706f00000, 0x0000000706f00000, 0x0000000707000000|  0%| F|  |TAMS 0x0000000706f00000, 0x0000000706f00000| Untracked 
|  48|0x0000000707000000, 0x0000000707000000, 0x0000000707100000|  0%| F|  |TAMS 0x0000000707000000, 0x0000000707000000| Untracked 
|  49|0x0000000707100000, 0x0000000707100000, 0x0000000707200000|  0%| F|  |TAMS 0x0000000707100000, 0x0000000707100000| Untracked 
|  50|0x0000000707200000, 0x0000000707200000, 0x0000000707300000|  0%| F|  |TAMS 0x0000000707200000, 0x0000000707200000| Untracked 
|  51|0x0000000707300000, 0x0000000707300000, 0x0000000707400000|  0%| F|  |TAMS 0x0000000707300000, 0x0000000707300000| Untracked 
|  52|0x0000000707400000, 0x0000000707400000, 0x0000000707500000|  0%| F|  |TAMS 0x0000000707400000, 0x0000000707400000| Untracked 
|  53|0x0000000707500000, 0x0000000707500000, 0x0000000707600000|  0%| F|  |TAMS 0x0000000707500000, 0x0000000707500000| Untracked 
|  54|0x0000000707600000, 0x0000000707600000, 0x0000000707700000|  0%| F|  |TAMS 0x0000000707600000, 0x0000000707600000| Untracked 
|  55|0x0000000707700000, 0x0000000707700000, 0x0000000707800000|  0%| F|  |TAMS 0x0000000707700000, 0x0000000707700000| Untracked 
|  56|0x0000000707800000, 0x0000000707800000, 0x0000000707900000|  0%| F|  |TAMS 0x0000000707800000, 0x0000000707800000| Untracked 
|  57|0x0000000707900000, 0x0000000707900000, 0x0000000707a00000|  0%| F|  |TAMS 0x0000000707900000, 0x0000000707900000| Untracked 
|  58|0x0000000707a00000, 0x0000000707a00000, 0x0000000707b00000|  0%| F|  |TAMS 0x0000000707a00000, 0x0000000707a00000| Untracked 
|  59|0x0000000707b00000, 0x0000000707b00000, 0x0000000707c00000|  0%| F|  |TAMS 0x0000000707b00000, 0x0000000707b00000| Untracked 
|  60|0x0000000707c00000, 0x0000000707c00000, 0x0000000707d00000|  0%| F|  |TAMS 0x0000000707c00000, 0x0000000707c00000| Untracked 
|  61|0x0000000707d00000, 0x0000000707d00000, 0x0000000707e00000|  0%| F|  |TAMS 0x0000000707d00000, 0x0000000707d00000| Untracked 
|  62|0x0000000707e00000, 0x0000000707e00000, 0x0000000707f00000|  0%| F|  |TAMS 0x0000000707e00000, 0x0000000707e00000| Untracked 
|  63|0x0000000707f00000, 0x0000000707f00000, 0x0000000708000000|  0%| F|  |TAMS 0x0000000707f00000, 0x0000000707f00000| Untracked 
|  64|0x0000000708000000, 0x0000000708000000, 0x0000000708100000|  0%| F|  |TAMS 0x0000000708000000, 0x0000000708000000| Untracked 
|  65|0x0000000708100000, 0x0000000708100000, 0x0000000708200000|  0%| F|  |TAMS 0x0000000708100000, 0x0000000708100000| Untracked 
|  66|0x0000000708200000, 0x0000000708200000, 0x0000000708300000|  0%| F|  |TAMS 0x0000000708200000, 0x0000000708200000| Untracked 
|  67|0x0000000708300000, 0x0000000708300000, 0x0000000708400000|  0%| F|  |TAMS 0x0000000708300000, 0x0000000708300000| Untracked 
|  68|0x0000000708400000, 0x0000000708400000, 0x0000000708500000|  0%| F|  |TAMS 0x0000000708400000, 0x0000000708400000| Untracked 
|  69|0x0000000708500000, 0x0000000708500000, 0x0000000708600000|  0%| F|  |TAMS 0x0000000708500000, 0x0000000708500000| Untracked 
|  70|0x0000000708600000, 0x0000000708600000, 0x0000000708700000|  0%| F|  |TAMS 0x0000000708600000, 0x0000000708600000| Untracked 
|  71|0x0000000708700000, 0x0000000708700000, 0x0000000708800000|  0%| F|  |TAMS 0x0000000708700000, 0x0000000708700000| Untracked 
|  72|0x0000000708800000, 0x0000000708800000, 0x0000000708900000|  0%| F|  |TAMS 0x0000000708800000, 0x0000000708800000| Untracked 
|  73|0x0000000708900000, 0x0000000708900000, 0x0000000708a00000|  0%| F|  |TAMS 0x0000000708900000, 0x0000000708900000| Untracked 
|  74|0x0000000708a00000, 0x0000000708a00000, 0x0000000708b00000|  0%| F|  |TAMS 0x0000000708a00000, 0x0000000708a00000| Untracked 
|  75|0x0000000708b00000, 0x0000000708b00000, 0x0000000708c00000|  0%| F|  |TAMS 0x0000000708b00000, 0x0000000708b00000| Untracked 
|  76|0x0000000708c00000, 0x0000000708c00000, 0x0000000708d00000|  0%| F|  |TAMS 0x0000000708c00000, 0x0000000708c00000| Untracked 
|  77|0x0000000708d00000, 0x0000000708d00000, 0x0000000708e00000|  0%| F|  |TAMS 0x0000000708d00000, 0x0000000708d00000| Untracked 
|  78|0x0000000708e00000, 0x0000000708e00000, 0x0000000708f00000|  0%| F|  |TAMS 0x0000000708e00000, 0x0000000708e00000| Untracked 
|  79|0x0000000708f00000, 0x0000000708f00000, 0x0000000709000000|  0%| F|  |TAMS 0x0000000708f00000, 0x0000000708f00000| Untracked 
|  80|0x0000000709000000, 0x0000000709000000, 0x0000000709100000|  0%| F|  |TAMS 0x0000000709000000, 0x0000000709000000| Untracked 
|  81|0x0000000709100000, 0x0000000709100000, 0x0000000709200000|  0%| F|  |TAMS 0x0000000709100000, 0x0000000709100000| Untracked 
|  82|0x0000000709200000, 0x0000000709200000, 0x0000000709300000|  0%| F|  |TAMS 0x0000000709200000, 0x0000000709200000| Untracked 
|  83|0x0000000709300000, 0x0000000709300000, 0x0000000709400000|  0%| F|  |TAMS 0x0000000709300000, 0x0000000709300000| Untracked 
|  84|0x0000000709400000, 0x0000000709400000, 0x0000000709500000|  0%| F|  |TAMS 0x0000000709400000, 0x0000000709400000| Untracked 
|  85|0x0000000709500000, 0x0000000709500000, 0x0000000709600000|  0%| F|  |TAMS 0x0000000709500000, 0x0000000709500000| Untracked 
|  86|0x0000000709600000, 0x0000000709600000, 0x0000000709700000|  0%| F|  |TAMS 0x0000000709600000, 0x0000000709600000| Untracked 
|  87|0x0000000709700000, 0x0000000709700000, 0x0000000709800000|  0%| F|  |TAMS 0x0000000709700000, 0x0000000709700000| Untracked 
|  88|0x0000000709800000, 0x0000000709800000, 0x0000000709900000|  0%| F|  |TAMS 0x0000000709800000, 0x0000000709800000| Untracked 
|  89|0x0000000709900000, 0x0000000709900000, 0x0000000709a00000|  0%| F|  |TAMS 0x0000000709900000, 0x0000000709900000| Untracked 
|  90|0x0000000709a00000, 0x0000000709a00000, 0x0000000709b00000|  0%| F|  |TAMS 0x0000000709a00000, 0x0000000709a00000| Untracked 
|  91|0x0000000709b00000, 0x0000000709b00000, 0x0000000709c00000|  0%| F|  |TAMS 0x0000000709b00000, 0x0000000709b00000| Untracked 
|  92|0x0000000709c00000, 0x0000000709c00000, 0x0000000709d00000|  0%| F|  |TAMS 0x0000000709c00000, 0x0000000709c00000| Untracked 
|  93|0x0000000709d00000, 0x0000000709d00000, 0x0000000709e00000|  0%| F|  |TAMS 0x0000000709d00000, 0x0000000709d00000| Untracked 
|  94|0x0000000709e00000, 0x0000000709e00000, 0x0000000709f00000|  0%| F|  |TAMS 0x0000000709e00000, 0x0000000709e00000| Untracked 
|  95|0x0000000709f00000, 0x0000000709f00000, 0x000000070a000000|  0%| F|  |TAMS 0x0000000709f00000, 0x0000000709f00000| Untracked 
|  96|0x000000070a000000, 0x000000070a000000, 0x000000070a100000|  0%| F|  |TAMS 0x000000070a000000, 0x000000070a000000| Untracked 
|  97|0x000000070a100000, 0x000000070a100000, 0x000000070a200000|  0%| F|  |TAMS 0x000000070a100000, 0x000000070a100000| Untracked 
|  98|0x000000070a200000, 0x000000070a200000, 0x000000070a300000|  0%| F|  |TAMS 0x000000070a200000, 0x000000070a200000| Untracked 
|  99|0x000000070a300000, 0x000000070a300000, 0x000000070a400000|  0%| F|  |TAMS 0x000000070a300000, 0x000000070a300000| Untracked 
| 100|0x000000070a400000, 0x000000070a400000, 0x000000070a500000|  0%| F|  |TAMS 0x000000070a400000, 0x000000070a400000| Untracked 
| 101|0x000000070a500000, 0x000000070a500000, 0x000000070a600000|  0%| F|  |TAMS 0x000000070a500000, 0x000000070a500000| Untracked 
| 102|0x000000070a600000, 0x000000070a600000, 0x000000070a700000|  0%| F|  |TAMS 0x000000070a600000, 0x000000070a600000| Untracked 
| 103|0x000000070a700000, 0x000000070a700000, 0x000000070a800000|  0%| F|  |TAMS 0x000000070a700000, 0x000000070a700000| Untracked 
| 104|0x000000070a800000, 0x000000070a800000, 0x000000070a900000|  0%| F|  |TAMS 0x000000070a800000, 0x000000070a800000| Untracked 
| 105|0x000000070a900000, 0x000000070a900000, 0x000000070aa00000|  0%| F|  |TAMS 0x000000070a900000, 0x000000070a900000| Untracked 
| 106|0x000000070aa00000, 0x000000070aa00000, 0x000000070ab00000|  0%| F|  |TAMS 0x000000070aa00000, 0x000000070aa00000| Untracked 
| 107|0x000000070ab00000, 0x000000070ab00000, 0x000000070ac00000|  0%| F|  |TAMS 0x000000070ab00000, 0x000000070ab00000| Untracked 
| 108|0x000000070ac00000, 0x000000070ac00000, 0x000000070ad00000|  0%| F|  |TAMS 0x000000070ac00000, 0x000000070ac00000| Untracked 
| 109|0x000000070ad00000, 0x000000070ad00000, 0x000000070ae00000|  0%| F|  |TAMS 0x000000070ad00000, 0x000000070ad00000| Untracked 
| 110|0x000000070ae00000, 0x000000070ae00000, 0x000000070af00000|  0%| F|  |TAMS 0x000000070ae00000, 0x000000070ae00000| Untracked 
| 111|0x000000070af00000, 0x000000070af00000, 0x000000070b000000|  0%| F|  |TAMS 0x000000070af00000, 0x000000070af00000| Untracked 
| 112|0x000000070b000000, 0x000000070b000000, 0x000000070b100000|  0%| F|  |TAMS 0x000000070b000000, 0x000000070b000000| Untracked 
| 113|0x000000070b100000, 0x000000070b100000, 0x000000070b200000|  0%| F|  |TAMS 0x000000070b100000, 0x000000070b100000| Untracked 
| 114|0x000000070b200000, 0x000000070b200000, 0x000000070b300000|  0%| F|  |TAMS 0x000000070b200000, 0x000000070b200000| Untracked 
| 115|0x000000070b300000, 0x000000070b300000, 0x000000070b400000|  0%| F|  |TAMS 0x000000070b300000, 0x000000070b300000| Untracked 
| 116|0x000000070b400000, 0x000000070b400000, 0x000000070b500000|  0%| F|  |TAMS 0x000000070b400000, 0x000000070b400000| Untracked 
| 117|0x000000070b500000, 0x000000070b500000, 0x000000070b600000|  0%| F|  |TAMS 0x000000070b500000, 0x000000070b500000| Untracked 
| 118|0x000000070b600000, 0x000000070b600000, 0x000000070b700000|  0%| F|  |TAMS 0x000000070b600000, 0x000000070b600000| Untracked 
| 119|0x000000070b700000, 0x000000070b700000, 0x000000070b800000|  0%| F|  |TAMS 0x000000070b700000, 0x000000070b700000| Untracked 
| 120|0x000000070b800000, 0x000000070b800000, 0x000000070b900000|  0%| F|  |TAMS 0x000000070b800000, 0x000000070b800000| Untracked 
| 121|0x000000070b900000, 0x000000070b900000, 0x000000070ba00000|  0%| F|  |TAMS 0x000000070b900000, 0x000000070b900000| Untracked 
| 122|0x000000070ba00000, 0x000000070ba00000, 0x000000070bb00000|  0%| F|  |TAMS 0x000000070ba00000, 0x000000070ba00000| Untracked 
| 123|0x000000070bb00000, 0x000000070bb00000, 0x000000070bc00000|  0%| F|  |TAMS 0x000000070bb00000, 0x000000070bb00000| Untracked 
| 124|0x000000070bc00000, 0x000000070bc00000, 0x000000070bd00000|  0%| F|  |TAMS 0x000000070bc00000, 0x000000070bc00000| Untracked 
| 125|0x000000070bd00000, 0x000000070bd00000, 0x000000070be00000|  0%| F|  |TAMS 0x000000070bd00000, 0x000000070bd00000| Untracked 
| 126|0x000000070be00000, 0x000000070be00000, 0x000000070bf00000|  0%| F|  |TAMS 0x000000070be00000, 0x000000070be00000| Untracked 
| 127|0x000000070bf00000, 0x000000070bf00000, 0x000000070c000000|  0%| F|  |TAMS 0x000000070bf00000, 0x000000070bf00000| Untracked 
| 128|0x000000070c000000, 0x000000070c000000, 0x000000070c100000|  0%| F|  |TAMS 0x000000070c000000, 0x000000070c000000| Untracked 
| 129|0x000000070c100000, 0x000000070c100000, 0x000000070c200000|  0%| F|  |TAMS 0x000000070c100000, 0x000000070c100000| Untracked 
| 130|0x000000070c200000, 0x000000070c200000, 0x000000070c300000|  0%| F|  |TAMS 0x000000070c200000, 0x000000070c200000| Untracked 
| 131|0x000000070c300000, 0x000000070c300000, 0x000000070c400000|  0%| F|  |TAMS 0x000000070c300000, 0x000000070c300000| Untracked 
| 132|0x000000070c400000, 0x000000070c400000, 0x000000070c500000|  0%| F|  |TAMS 0x000000070c400000, 0x000000070c400000| Untracked 
| 133|0x000000070c500000, 0x000000070c500000, 0x000000070c600000|  0%| F|  |TAMS 0x000000070c500000, 0x000000070c500000| Untracked 
| 134|0x000000070c600000, 0x000000070c600000, 0x000000070c700000|  0%| F|  |TAMS 0x000000070c600000, 0x000000070c600000| Untracked 
| 135|0x000000070c700000, 0x000000070c700000, 0x000000070c800000|  0%| F|  |TAMS 0x000000070c700000, 0x000000070c700000| Untracked 
| 136|0x000000070c800000, 0x000000070c800000, 0x000000070c900000|  0%| F|  |TAMS 0x000000070c800000, 0x000000070c800000| Untracked 
| 137|0x000000070c900000, 0x000000070c900000, 0x000000070ca00000|  0%| F|  |TAMS 0x000000070c900000, 0x000000070c900000| Untracked 
| 138|0x000000070ca00000, 0x000000070ca00000, 0x000000070cb00000|  0%| F|  |TAMS 0x000000070ca00000, 0x000000070ca00000| Untracked 
| 139|0x000000070cb00000, 0x000000070cb00000, 0x000000070cc00000|  0%| F|  |TAMS 0x000000070cb00000, 0x000000070cb00000| Untracked 
| 140|0x000000070cc00000, 0x000000070cc00000, 0x000000070cd00000|  0%| F|  |TAMS 0x000000070cc00000, 0x000000070cc00000| Untracked 
| 141|0x000000070cd00000, 0x000000070cd00000, 0x000000070ce00000|  0%| F|  |TAMS 0x000000070cd00000, 0x000000070cd00000| Untracked 
| 142|0x000000070ce00000, 0x000000070ce00000, 0x000000070cf00000|  0%| F|  |TAMS 0x000000070ce00000, 0x000000070ce00000| Untracked 
| 143|0x000000070cf00000, 0x000000070cf00000, 0x000000070d000000|  0%| F|  |TAMS 0x000000070cf00000, 0x000000070cf00000| Untracked 
| 144|0x000000070d000000, 0x000000070d000000, 0x000000070d100000|  0%| F|  |TAMS 0x000000070d000000, 0x000000070d000000| Untracked 
| 145|0x000000070d100000, 0x000000070d100000, 0x000000070d200000|  0%| F|  |TAMS 0x000000070d100000, 0x000000070d100000| Untracked 
| 146|0x000000070d200000, 0x000000070d200000, 0x000000070d300000|  0%| F|  |TAMS 0x000000070d200000, 0x000000070d200000| Untracked 
| 147|0x000000070d300000, 0x000000070d300000, 0x000000070d400000|  0%| F|  |TAMS 0x000000070d300000, 0x000000070d300000| Untracked 
| 148|0x000000070d400000, 0x000000070d400000, 0x000000070d500000|  0%| F|  |TAMS 0x000000070d400000, 0x000000070d400000| Untracked 
| 149|0x000000070d500000, 0x000000070d500000, 0x000000070d600000|  0%| F|  |TAMS 0x000000070d500000, 0x000000070d500000| Untracked 
| 150|0x000000070d600000, 0x000000070d600000, 0x000000070d700000|  0%| F|  |TAMS 0x000000070d600000, 0x000000070d600000| Untracked 
| 151|0x000000070d700000, 0x000000070d700000, 0x000000070d800000|  0%| F|  |TAMS 0x000000070d700000, 0x000000070d700000| Untracked 
| 152|0x000000070d800000, 0x000000070d800000, 0x000000070d900000|  0%| F|  |TAMS 0x000000070d800000, 0x000000070d800000| Untracked 
| 153|0x000000070d900000, 0x000000070d900000, 0x000000070da00000|  0%| F|  |TAMS 0x000000070d900000, 0x000000070d900000| Untracked 
| 154|0x000000070da00000, 0x000000070da00000, 0x000000070db00000|  0%| F|  |TAMS 0x000000070da00000, 0x000000070da00000| Untracked 
| 155|0x000000070db00000, 0x000000070db00000, 0x000000070dc00000|  0%| F|  |TAMS 0x000000070db00000, 0x000000070db00000| Untracked 
| 156|0x000000070dc00000, 0x000000070dc00000, 0x000000070dd00000|  0%| F|  |TAMS 0x000000070dc00000, 0x000000070dc00000| Untracked 
| 157|0x000000070dd00000, 0x000000070dd00000, 0x000000070de00000|  0%| F|  |TAMS 0x000000070dd00000, 0x000000070dd00000| Untracked 
| 158|0x000000070de00000, 0x000000070de00000, 0x000000070df00000|  0%| F|  |TAMS 0x000000070de00000, 0x000000070de00000| Untracked 
| 159|0x000000070df00000, 0x000000070df00000, 0x000000070e000000|  0%| F|  |TAMS 0x000000070df00000, 0x000000070df00000| Untracked 
| 160|0x000000070e000000, 0x000000070e000000, 0x000000070e100000|  0%| F|  |TAMS 0x000000070e000000, 0x000000070e000000| Untracked 
| 161|0x000000070e100000, 0x000000070e100000, 0x000000070e200000|  0%| F|  |TAMS 0x000000070e100000, 0x000000070e100000| Untracked 
| 162|0x000000070e200000, 0x000000070e200000, 0x000000070e300000|  0%| F|  |TAMS 0x000000070e200000, 0x000000070e200000| Untracked 
| 163|0x000000070e300000, 0x000000070e300000, 0x000000070e400000|  0%| F|  |TAMS 0x000000070e300000, 0x000000070e300000| Untracked 
| 164|0x000000070e400000, 0x000000070e400000, 0x000000070e500000|  0%| F|  |TAMS 0x000000070e400000, 0x000000070e400000| Untracked 
| 165|0x000000070e500000, 0x000000070e500000, 0x000000070e600000|  0%| F|  |TAMS 0x000000070e500000, 0x000000070e500000| Untracked 
| 166|0x000000070e600000, 0x000000070e600000, 0x000000070e700000|  0%| F|  |TAMS 0x000000070e600000, 0x000000070e600000| Untracked 
| 167|0x000000070e700000, 0x000000070e700000, 0x000000070e800000|  0%| F|  |TAMS 0x000000070e700000, 0x000000070e700000| Untracked 
| 168|0x000000070e800000, 0x000000070e800000, 0x000000070e900000|  0%| F|  |TAMS 0x000000070e800000, 0x000000070e800000| Untracked 
| 169|0x000000070e900000, 0x000000070e900000, 0x000000070ea00000|  0%| F|  |TAMS 0x000000070e900000, 0x000000070e900000| Untracked 
| 170|0x000000070ea00000, 0x000000070ea00000, 0x000000070eb00000|  0%| F|  |TAMS 0x000000070ea00000, 0x000000070ea00000| Untracked 
| 171|0x000000070eb00000, 0x000000070eb00000, 0x000000070ec00000|  0%| F|  |TAMS 0x000000070eb00000, 0x000000070eb00000| Untracked 
| 172|0x000000070ec00000, 0x000000070ec00000, 0x000000070ed00000|  0%| F|  |TAMS 0x000000070ec00000, 0x000000070ec00000| Untracked 
| 173|0x000000070ed00000, 0x000000070ed00000, 0x000000070ee00000|  0%| F|  |TAMS 0x000000070ed00000, 0x000000070ed00000| Untracked 
| 174|0x000000070ee00000, 0x000000070ee00000, 0x000000070ef00000|  0%| F|  |TAMS 0x000000070ee00000, 0x000000070ee00000| Untracked 
| 175|0x000000070ef00000, 0x000000070ef00000, 0x000000070f000000|  0%| F|  |TAMS 0x000000070ef00000, 0x000000070ef00000| Untracked 
| 176|0x000000070f000000, 0x000000070f000000, 0x000000070f100000|  0%| F|  |TAMS 0x000000070f000000, 0x000000070f000000| Untracked 
| 177|0x000000070f100000, 0x000000070f100000, 0x000000070f200000|  0%| F|  |TAMS 0x000000070f100000, 0x000000070f100000| Untracked 
| 178|0x000000070f200000, 0x000000070f200000, 0x000000070f300000|  0%| F|  |TAMS 0x000000070f200000, 0x000000070f200000| Untracked 
| 179|0x000000070f300000, 0x000000070f300000, 0x000000070f400000|  0%| F|  |TAMS 0x000000070f300000, 0x000000070f300000| Untracked 
| 180|0x000000070f400000, 0x000000070f400000, 0x000000070f500000|  0%| F|  |TAMS 0x000000070f400000, 0x000000070f400000| Untracked 
| 181|0x000000070f500000, 0x000000070f500000, 0x000000070f600000|  0%| F|  |TAMS 0x000000070f500000, 0x000000070f500000| Untracked 
| 182|0x000000070f600000, 0x000000070f600000, 0x000000070f700000|  0%| F|  |TAMS 0x000000070f600000, 0x000000070f600000| Untracked 
| 183|0x000000070f700000, 0x000000070f700000, 0x000000070f800000|  0%| F|  |TAMS 0x000000070f700000, 0x000000070f700000| Untracked 
| 184|0x000000070f800000, 0x000000070f800000, 0x000000070f900000|  0%| F|  |TAMS 0x000000070f800000, 0x000000070f800000| Untracked 
| 185|0x000000070f900000, 0x000000070f900000, 0x000000070fa00000|  0%| F|  |TAMS 0x000000070f900000, 0x000000070f900000| Untracked 
| 186|0x000000070fa00000, 0x000000070fa00000, 0x000000070fb00000|  0%| F|  |TAMS 0x000000070fa00000, 0x000000070fa00000| Untracked 
| 187|0x000000070fb00000, 0x000000070fb00000, 0x000000070fc00000|  0%| F|  |TAMS 0x000000070fb00000, 0x000000070fb00000| Untracked 
| 188|0x000000070fc00000, 0x000000070fc00000, 0x000000070fd00000|  0%| F|  |TAMS 0x000000070fc00000, 0x000000070fc00000| Untracked 
| 189|0x000000070fd00000, 0x000000070fd00000, 0x000000070fe00000|  0%| F|  |TAMS 0x000000070fd00000, 0x000000070fd00000| Untracked 
| 190|0x000000070fe00000, 0x000000070fe00000, 0x000000070ff00000|  0%| F|  |TAMS 0x000000070fe00000, 0x000000070fe00000| Untracked 
| 191|0x000000070ff00000, 0x000000070ff00000, 0x0000000710000000|  0%| F|  |TAMS 0x000000070ff00000, 0x000000070ff00000| Untracked 
| 192|0x0000000710000000, 0x0000000710000000, 0x0000000710100000|  0%| F|  |TAMS 0x0000000710000000, 0x0000000710000000| Untracked 
| 193|0x0000000710100000, 0x0000000710100000, 0x0000000710200000|  0%| F|  |TAMS 0x0000000710100000, 0x0000000710100000| Untracked 
| 194|0x0000000710200000, 0x0000000710200000, 0x0000000710300000|  0%| F|  |TAMS 0x0000000710200000, 0x0000000710200000| Untracked 
| 195|0x0000000710300000, 0x0000000710300000, 0x0000000710400000|  0%| F|  |TAMS 0x0000000710300000, 0x0000000710300000| Untracked 
| 196|0x0000000710400000, 0x0000000710400000, 0x0000000710500000|  0%| F|  |TAMS 0x0000000710400000, 0x0000000710400000| Untracked 
| 197|0x0000000710500000, 0x0000000710500000, 0x0000000710600000|  0%| F|  |TAMS 0x0000000710500000, 0x0000000710500000| Untracked 
| 198|0x0000000710600000, 0x0000000710600000, 0x0000000710700000|  0%| F|  |TAMS 0x0000000710600000, 0x0000000710600000| Untracked 
| 199|0x0000000710700000, 0x0000000710700000, 0x0000000710800000|  0%| F|  |TAMS 0x0000000710700000, 0x0000000710700000| Untracked 
| 200|0x0000000710800000, 0x0000000710800000, 0x0000000710900000|  0%| F|  |TAMS 0x0000000710800000, 0x0000000710800000| Untracked 
| 201|0x0000000710900000, 0x0000000710900000, 0x0000000710a00000|  0%| F|  |TAMS 0x0000000710900000, 0x0000000710900000| Untracked 
| 202|0x0000000710a00000, 0x0000000710a00000, 0x0000000710b00000|  0%| F|  |TAMS 0x0000000710a00000, 0x0000000710a00000| Untracked 
| 203|0x0000000710b00000, 0x0000000710b00000, 0x0000000710c00000|  0%| F|  |TAMS 0x0000000710b00000, 0x0000000710b00000| Untracked 
| 204|0x0000000710c00000, 0x0000000710c00000, 0x0000000710d00000|  0%| F|  |TAMS 0x0000000710c00000, 0x0000000710c00000| Untracked 
| 205|0x0000000710d00000, 0x0000000710d00000, 0x0000000710e00000|  0%| F|  |TAMS 0x0000000710d00000, 0x0000000710d00000| Untracked 
| 206|0x0000000710e00000, 0x0000000710e00000, 0x0000000710f00000|  0%| F|  |TAMS 0x0000000710e00000, 0x0000000710e00000| Untracked 
| 207|0x0000000710f00000, 0x0000000710f00000, 0x0000000711000000|  0%| F|  |TAMS 0x0000000710f00000, 0x0000000710f00000| Untracked 
| 208|0x0000000711000000, 0x0000000711000000, 0x0000000711100000|  0%| F|  |TAMS 0x0000000711000000, 0x0000000711000000| Untracked 
| 209|0x0000000711100000, 0x0000000711100000, 0x0000000711200000|  0%| F|  |TAMS 0x0000000711100000, 0x0000000711100000| Untracked 
| 210|0x0000000711200000, 0x0000000711200000, 0x0000000711300000|  0%| F|  |TAMS 0x0000000711200000, 0x0000000711200000| Untracked 
| 211|0x0000000711300000, 0x0000000711300000, 0x0000000711400000|  0%| F|  |TAMS 0x0000000711300000, 0x0000000711300000| Untracked 
| 212|0x0000000711400000, 0x0000000711400000, 0x0000000711500000|  0%| F|  |TAMS 0x0000000711400000, 0x0000000711400000| Untracked 
| 213|0x0000000711500000, 0x0000000711500000, 0x0000000711600000|  0%| F|  |TAMS 0x0000000711500000, 0x0000000711500000| Untracked 
| 214|0x0000000711600000, 0x0000000711600000, 0x0000000711700000|  0%| F|  |TAMS 0x0000000711600000, 0x0000000711600000| Untracked 
| 215|0x0000000711700000, 0x0000000711700000, 0x0000000711800000|  0%| F|  |TAMS 0x0000000711700000, 0x0000000711700000| Untracked 
| 216|0x0000000711800000, 0x0000000711800000, 0x0000000711900000|  0%| F|  |TAMS 0x0000000711800000, 0x0000000711800000| Untracked 
| 217|0x0000000711900000, 0x0000000711900000, 0x0000000711a00000|  0%| F|  |TAMS 0x0000000711900000, 0x0000000711900000| Untracked 
| 218|0x0000000711a00000, 0x0000000711a00000, 0x0000000711b00000|  0%| F|  |TAMS 0x0000000711a00000, 0x0000000711a00000| Untracked 
| 219|0x0000000711b00000, 0x0000000711b00000, 0x0000000711c00000|  0%| F|  |TAMS 0x0000000711b00000, 0x0000000711b00000| Untracked 
| 220|0x0000000711c00000, 0x0000000711c00000, 0x0000000711d00000|  0%| F|  |TAMS 0x0000000711c00000, 0x0000000711c00000| Untracked 
| 221|0x0000000711d00000, 0x0000000711d00000, 0x0000000711e00000|  0%| F|  |TAMS 0x0000000711d00000, 0x0000000711d00000| Untracked 
| 222|0x0000000711e00000, 0x0000000711e00000, 0x0000000711f00000|  0%| F|  |TAMS 0x0000000711e00000, 0x0000000711e00000| Untracked 
| 223|0x0000000711f00000, 0x0000000711f00000, 0x0000000712000000|  0%| F|  |TAMS 0x0000000711f00000, 0x0000000711f00000| Untracked 
| 224|0x0000000712000000, 0x0000000712000000, 0x0000000712100000|  0%| F|  |TAMS 0x0000000712000000, 0x0000000712000000| Untracked 
| 225|0x0000000712100000, 0x0000000712100000, 0x0000000712200000|  0%| F|  |TAMS 0x0000000712100000, 0x0000000712100000| Untracked 
| 226|0x0000000712200000, 0x0000000712200000, 0x0000000712300000|  0%| F|  |TAMS 0x0000000712200000, 0x0000000712200000| Untracked 
| 227|0x0000000712300000, 0x0000000712300000, 0x0000000712400000|  0%| F|  |TAMS 0x0000000712300000, 0x0000000712300000| Untracked 
| 228|0x0000000712400000, 0x0000000712400000, 0x0000000712500000|  0%| F|  |TAMS 0x0000000712400000, 0x0000000712400000| Untracked 
| 229|0x0000000712500000, 0x0000000712500000, 0x0000000712600000|  0%| F|  |TAMS 0x0000000712500000, 0x0000000712500000| Untracked 
| 230|0x0000000712600000, 0x0000000712600000, 0x0000000712700000|  0%| F|  |TAMS 0x0000000712600000, 0x0000000712600000| Untracked 
| 231|0x0000000712700000, 0x0000000712700000, 0x0000000712800000|  0%| F|  |TAMS 0x0000000712700000, 0x0000000712700000| Untracked 
| 232|0x0000000712800000, 0x0000000712800000, 0x0000000712900000|  0%| F|  |TAMS 0x0000000712800000, 0x0000000712800000| Untracked 
| 233|0x0000000712900000, 0x0000000712900000, 0x0000000712a00000|  0%| F|  |TAMS 0x0000000712900000, 0x0000000712900000| Untracked 
| 234|0x0000000712a00000, 0x0000000712a00000, 0x0000000712b00000|  0%| F|  |TAMS 0x0000000712a00000, 0x0000000712a00000| Untracked 
| 235|0x0000000712b00000, 0x0000000712b00000, 0x0000000712c00000|  0%| F|  |TAMS 0x0000000712b00000, 0x0000000712b00000| Untracked 
| 236|0x0000000712c00000, 0x0000000712c00000, 0x0000000712d00000|  0%| F|  |TAMS 0x0000000712c00000, 0x0000000712c00000| Untracked 
| 237|0x0000000712d00000, 0x0000000712d00000, 0x0000000712e00000|  0%| F|  |TAMS 0x0000000712d00000, 0x0000000712d00000| Untracked 
| 238|0x0000000712e00000, 0x0000000712e00000, 0x0000000712f00000|  0%| F|  |TAMS 0x0000000712e00000, 0x0000000712e00000| Untracked 
| 239|0x0000000712f00000, 0x0000000712f00000, 0x0000000713000000|  0%| F|  |TAMS 0x0000000712f00000, 0x0000000712f00000| Untracked 
| 240|0x0000000713000000, 0x0000000713000000, 0x0000000713100000|  0%| F|  |TAMS 0x0000000713000000, 0x0000000713000000| Untracked 
| 241|0x0000000713100000, 0x0000000713100000, 0x0000000713200000|  0%| F|  |TAMS 0x0000000713100000, 0x0000000713100000| Untracked 
| 242|0x0000000713200000, 0x000000071327b670, 0x0000000713300000| 48%| E|  |TAMS 0x0000000713200000, 0x0000000713200000| Complete 
| 243|0x0000000713300000, 0x0000000713400000, 0x0000000713400000|100%| E|CS|TAMS 0x0000000713300000, 0x0000000713300000| Complete 
| 244|0x0000000713400000, 0x0000000713500000, 0x0000000713500000|100%| E|CS|TAMS 0x0000000713400000, 0x0000000713400000| Complete 
| 245|0x0000000713500000, 0x0000000713600000, 0x0000000713600000|100%| E|CS|TAMS 0x0000000713500000, 0x0000000713500000| Complete 
| 246|0x0000000713600000, 0x0000000713700000, 0x0000000713700000|100%| E|CS|TAMS 0x0000000713600000, 0x0000000713600000| Complete 
| 247|0x0000000713700000, 0x0000000713800000, 0x0000000713800000|100%| E|CS|TAMS 0x0000000713700000, 0x0000000713700000| Complete 
| 248|0x0000000713800000, 0x0000000713900000, 0x0000000713900000|100%| E|CS|TAMS 0x0000000713800000, 0x0000000713800000| Complete 
| 249|0x0000000713900000, 0x0000000713a00000, 0x0000000713a00000|100%| E|CS|TAMS 0x0000000713900000, 0x0000000713900000| Complete 
| 250|0x0000000713a00000, 0x0000000713b00000, 0x0000000713b00000|100%| E|CS|TAMS 0x0000000713a00000, 0x0000000713a00000| Complete 
| 251|0x0000000713b00000, 0x0000000713c00000, 0x0000000713c00000|100%| E|CS|TAMS 0x0000000713b00000, 0x0000000713b00000| Complete 

Card table byte_map: [0x0000017a7d800000,0x0000017a7dfe0000] _byte_map_base: 0x0000017a79fe0000

Marking Bits (Prev, Next): (CMBitMap*) 0x0000017a7cc7a6e8, (CMBitMap*) 0x0000017a7cc7a720
 Prev Bits: [0x0000017a176c0000, 0x0000017a1b5c0000)
 Next Bits: [0x0000017a1b5c0000, 0x0000017a1f4c0000)

Polling page: 0x0000017a7abf0000

Metaspace:

Usage:
  Non-class:      6.25 MB capacity,     6.18 MB ( 99%) used,    70.14 KB (  1%) free+waste,     4.69 KB ( <1%) overhead. 
      Class:    643.00 KB capacity,   590.52 KB ( 92%) used,    50.30 KB (  8%) free+waste,     2.19 KB ( <1%) overhead. 
       Both:      6.88 MB capacity,     6.75 MB ( 98%) used,   120.44 KB (  2%) free+waste,     6.88 KB ( <1%) overhead. 

Virtual space:
  Non-class space:        8.00 MB reserved,       6.25 MB ( 78%) committed 
      Class space:        1.00 GB reserved,     768.00 KB ( <1%) committed 
             Both:        1.01 GB reserved,       7.00 MB ( <1%) committed 

Chunk freelists:
   Non-Class:  1.00 KB
       Class:  29.00 KB
        Both:  30.00 KB

MaxMetaspaceSize: 17179869184.00 GB
CompressedClassSpaceSize: 1.00 GB
Initial GC threshold: 20.80 MB
Current GC threshold: 20.80 MB
CDS: off

CodeHeap 'non-profiled nmethods': size=120000Kb used=147Kb max_used=147Kb free=119852Kb
 bounds [0x0000017a10190000, 0x0000017a10400000, 0x0000017a176c0000]
CodeHeap 'profiled nmethods': size=120000Kb used=703Kb max_used=703Kb free=119296Kb
 bounds [0x0000017a08c60000, 0x0000017a08ed0000, 0x0000017a10190000]
CodeHeap 'non-nmethods': size=5760Kb used=1110Kb max_used=1128Kb free=4649Kb
 bounds [0x0000017a086c0000, 0x0000017a08930000, 0x0000017a08c60000]
 total_blobs=829 nmethods=486 adapters=256
 compilation: enabled
              stopped_count=0, restarted_count=0
 full_count=0

Compilation events (20 events):
Event: 0.225 Thread 0x0000017a7fc40000 nmethod 473 0x0000017a08d0c490 code [0x0000017a08d0c680, 0x0000017a08d0cac8]
Event: 0.225 Thread 0x0000017a7fc40000  476   !   3       java.io.WinNTFileSystem::isInvalid (78 bytes)
Event: 0.225 Thread 0x0000017a7fc40000 nmethod 476 0x0000017a08d0cc10 code [0x0000017a08d0ce00, 0x0000017a08d0d218]
Event: 0.228 Thread 0x0000017a7fc40000  477       3       java.util.Collections$UnmodifiableCollection$1::next (10 bytes)
Event: 0.229 Thread 0x0000017a7fc40000 nmethod 477 0x0000017a08d0d410 code [0x0000017a08d0d5c0, 0x0000017a08d0d788]
Event: 0.229 Thread 0x0000017a7fc40000  478       3       sun.nio.cs.SingleByte$Encoder::encode (32 bytes)
Event: 0.229 Thread 0x0000017a7fc40000 nmethod 478 0x0000017a08d0d890 code [0x0000017a08d0da40, 0x0000017a08d0dbf8]
Event: 0.229 Thread 0x0000017a7fc40000  479       3       java.nio.CharBuffer::position (8 bytes)
Event: 0.229 Thread 0x0000017a7fc40000 nmethod 479 0x0000017a08d0dd10 code [0x0000017a08d0dec0, 0x0000017a08d0e008]
Event: 0.229 Thread 0x0000017a7fc40000  480       3       java.nio.CharBuffer::position (6 bytes)
Event: 0.229 Thread 0x0000017a7fc40000 nmethod 480 0x0000017a08d0e090 code [0x0000017a08d0e260, 0x0000017a08d0e408]
Event: 0.229 Thread 0x0000017a7fc40000  481       3       java.nio.Buffer::limit (65 bytes)
Event: 0.229 Thread 0x0000017a7fc40000 nmethod 481 0x0000017a08d0e510 code [0x0000017a08d0e6e0, 0x0000017a08d0e988]
Event: 0.229 Thread 0x0000017a7fc40000  482       3       java.nio.ByteBuffer::position (6 bytes)
Event: 0.229 Thread 0x0000017a7fc40000 nmethod 482 0x0000017a08d0ea90 code [0x0000017a08d0ec40, 0x0000017a08d0ee08]
Event: 0.229 Thread 0x0000017a7fc40000  483       3       java.nio.Buffer::flip (20 bytes)
Event: 0.230 Thread 0x0000017a7fc40000 nmethod 483 0x0000017a08d0ee90 code [0x0000017a08d0f040, 0x0000017a08d0f158]
Event: 0.230 Thread 0x0000017a7fc40000  484       3       java.nio.Buffer::clear (20 bytes)
Event: 0.230 Thread 0x0000017a7fc40000 nmethod 484 0x0000017a08d0f210 code [0x0000017a08d0f3c0, 0x0000017a08d0f4d8]
Event: 0.230 Thread 0x0000017a7fc40000  485       3       java.nio.charset.CoderResult::isUnderflow (13 bytes)

GC Heap History (0 events):
No events

Deoptimization events (20 events):
Event: 0.124 Thread 0x0000017a7cc18000 Uncommon trap: trap_request=0xffffffde fr.pc=0x0000017a1019d978 relative=0x0000000000000b78
Event: 0.124 Thread 0x0000017a7cc18000 Uncommon trap: reason=class_check action=maybe_recompile pc=0x0000017a1019d978 method=java.util.HashMap.putVal(ILjava/lang/Object;Ljava/lang/Object;ZZ)Ljava/lang/Object; @ 152 c2
Event: 0.124 Thread 0x0000017a7cc18000 DEOPT PACKING pc=0x0000017a1019d978 sp=0x0000004e249fb180
Event: 0.124 Thread 0x0000017a7cc18000 DEOPT UNPACKING pc=0x0000017a086c85af sp=0x0000004e249fb100 mode 2
Event: 0.124 Thread 0x0000017a7cc18000 Uncommon trap: trap_request=0xffffffde fr.pc=0x0000017a1019d978 relative=0x0000000000000b78
Event: 0.124 Thread 0x0000017a7cc18000 Uncommon trap: reason=class_check action=maybe_recompile pc=0x0000017a1019d978 method=java.util.HashMap.putVal(ILjava/lang/Object;Ljava/lang/Object;ZZ)Ljava/lang/Object; @ 152 c2
Event: 0.124 Thread 0x0000017a7cc18000 DEOPT PACKING pc=0x0000017a1019d978 sp=0x0000004e249fb180
Event: 0.124 Thread 0x0000017a7cc18000 DEOPT UNPACKING pc=0x0000017a086c85af sp=0x0000004e249fb100 mode 2
Event: 0.124 Thread 0x0000017a7cc18000 Uncommon trap: trap_request=0xffffffde fr.pc=0x0000017a1019d978 relative=0x0000000000000b78
Event: 0.124 Thread 0x0000017a7cc18000 Uncommon trap: reason=class_check action=maybe_recompile pc=0x0000017a1019d978 method=java.util.HashMap.putVal(ILjava/lang/Object;Ljava/lang/Object;ZZ)Ljava/lang/Object; @ 152 c2
Event: 0.124 Thread 0x0000017a7cc18000 DEOPT PACKING pc=0x0000017a1019d978 sp=0x0000004e249fb180
Event: 0.124 Thread 0x0000017a7cc18000 DEOPT UNPACKING pc=0x0000017a086c85af sp=0x0000004e249fb100 mode 2
Event: 0.184 Thread 0x0000017a7cc18000 Uncommon trap: trap_request=0xffffff4d fr.pc=0x0000017a101a6064 relative=0x0000000000000c64
Event: 0.184 Thread 0x0000017a7cc18000 Uncommon trap: reason=unstable_if action=reinterpret pc=0x0000017a101a6064 method=java.util.HashMap.putVal(ILjava/lang/Object;Ljava/lang/Object;ZZ)Ljava/lang/Object; @ 181 c2
Event: 0.184 Thread 0x0000017a7cc18000 DEOPT PACKING pc=0x0000017a101a6064 sp=0x0000004e249febc0
Event: 0.184 Thread 0x0000017a7cc18000 DEOPT UNPACKING pc=0x0000017a086c85af sp=0x0000004e249feb50 mode 2
Event: 0.193 Thread 0x0000017a7cc18000 DEOPT PACKING pc=0x0000017a08c97062 sp=0x0000004e249fb260
Event: 0.193 Thread 0x0000017a7cc18000 DEOPT UNPACKING pc=0x0000017a08709d0e sp=0x0000004e249fa6f0 mode 0
Event: 0.193 Thread 0x0000017a7cc18000 DEOPT PACKING pc=0x0000017a08ca6fd0 sp=0x0000004e249fb0b0
Event: 0.193 Thread 0x0000017a7cc18000 DEOPT UNPACKING pc=0x0000017a08709d0e sp=0x0000004e249fa550 mode 0

Classes redefined (0 events):
No events

Internal exceptions (2 events):
Event: 0.228 Thread 0x0000017a7cc18000 Exception <a 'java/io/FileNotFoundException'{0x00000007132068e8}> (0x00000007132068e8) thrown at [s\src\hotspot\share\prims\jni.cpp, line 617]
Event: 0.229 Thread 0x0000017a7cc18000 Exception <a 'java/lang/reflect/InvocationTargetException'{0x000000071320cbc0}> (0x000000071320cbc0) thrown at [s\src\hotspot\share\runtime\reflection.cpp, line 1245]

Events (20 events):
Event: 0.226 loading class java/lang/IncompatibleClassChangeError done
Event: 0.226 loading class java/lang/NoSuchFieldError done
Event: 0.226 loading class org/jacoco/agent/rt/internal_b6258fc/output/FileOutput
Event: 0.226 loading class org/jacoco/agent/rt/internal_b6258fc/output/FileOutput done
Event: 0.226 loading class java/lang/InterruptedException
Event: 0.226 loading class java/lang/InterruptedException done
Event: 0.226 loading class java/nio/channels/OverlappingFileLockException
Event: 0.226 loading class java/nio/channels/OverlappingFileLockException done
Event: 0.226 loading class java/io/InterruptedIOException
Event: 0.226 loading class java/io/InterruptedIOException done
Event: 0.228 loading class java/io/FileNotFoundException
Event: 0.228 loading class java/io/FileNotFoundException done
Event: 0.228 loading class java/lang/Throwable$WrappedPrintStream
Event: 0.228 loading class java/lang/Throwable$PrintStreamOrWriter
Event: 0.228 loading class java/lang/Throwable$PrintStreamOrWriter done
Event: 0.228 loading class java/lang/Throwable$WrappedPrintStream done
Event: 0.228 loading class java/lang/StackTraceElement$HashedModules
Event: 0.228 loading class java/lang/StackTraceElement$HashedModules done
Event: 0.229 loading class java/lang/reflect/InvocationTargetException
Event: 0.229 loading class java/lang/reflect/InvocationTargetException done


Dynamic libraries:
0x00007ff69c4c0000 - 0x00007ff69c4ce000 	C:\Program Files\Amazon Corretto\jdk11.0.22_7\bin\java.exe
0x00007ffbd6bf0000 - 0x00007ffbd6de8000 	C:\WINDOWS\SYSTEM32\ntdll.dll
0x00007ffbd6060000 - 0x00007ffbd611d000 	C:\WINDOWS\System32\KERNEL32.DLL
0x00007ffbd4710000 - 0x00007ffbd4a06000 	C:\WINDOWS\System32\KERNELBASE.dll
0x00007ffbd43b0000 - 0x00007ffbd44b0000 	C:\WINDOWS\System32\ucrtbase.dll
0x00007ffbcfda0000 - 0x00007ffbcfdb7000 	C:\Program Files\Amazon Corretto\jdk11.0.22_7\bin\jli.dll
0x00007ffbcfd80000 - 0x00007ffbcfd9b000 	C:\Program Files\Amazon Corretto\jdk11.0.22_7\bin\VCRUNTIME140.dll
0x00007ffbd69e0000 - 0x00007ffbd6b7f000 	C:\WINDOWS\System32\USER32.dll
0x00007ffbd4380000 - 0x00007ffbd43a2000 	C:\WINDOWS\System32\win32u.dll
0x00007ffbd6410000 - 0x00007ffbd643b000 	C:\WINDOWS\System32\GDI32.dll
0x00007ffbab580000 - 0x00007ffbab81a000 	C:\WINDOWS\WinSxS\amd64_microsoft.windows.common-controls_6595b64144ccf1df_6.0.19041.4355_none_60b8b9eb71f62e16\COMCTL32.dll
0x00007ffbd4a10000 - 0x00007ffbd4b27000 	C:\WINDOWS\System32\gdi32full.dll
0x00007ffbd6120000 - 0x00007ffbd61be000 	C:\WINDOWS\System32\msvcrt.dll
0x00007ffbd42b0000 - 0x00007ffbd434d000 	C:\WINDOWS\System32\msvcp_win.dll
0x00007ffbd6b80000 - 0x00007ffbd6baf000 	C:\WINDOWS\System32\IMM32.DLL
0x00007ffbd0460000 - 0x00007ffbd046c000 	C:\Program Files\Amazon Corretto\jdk11.0.22_7\bin\vcruntime140_1.dll
0x00007ffbb4cc0000 - 0x00007ffbb4d4d000 	C:\Program Files\Amazon Corretto\jdk11.0.22_7\bin\msvcp140.dll
0x00007ffb56860000 - 0x00007ffb57423000 	C:\Program Files\Amazon Corretto\jdk11.0.22_7\bin\server\jvm.dll
0x00007ffbd6700000 - 0x00007ffbd67b0000 	C:\WINDOWS\System32\ADVAPI32.dll
0x00007ffbd6940000 - 0x00007ffbd69e0000 	C:\WINDOWS\System32\sechost.dll
0x00007ffbd5f30000 - 0x00007ffbd6053000 	C:\WINDOWS\System32\RPCRT4.dll
0x00007ffbd4350000 - 0x00007ffbd4377000 	C:\WINDOWS\System32\bcrypt.dll
0x00007ffbd5790000 - 0x00007ffbd5798000 	C:\WINDOWS\System32\PSAPI.DLL
0x00007ffbc68b0000 - 0x00007ffbc68d7000 	C:\WINDOWS\SYSTEM32\WINMM.dll
0x00007ffbaf2b0000 - 0x00007ffbaf2b9000 	C:\WINDOWS\SYSTEM32\WSOCK32.dll
0x00007ffbca590000 - 0x00007ffbca59a000 	C:\WINDOWS\SYSTEM32\VERSION.dll
0x00007ffbd61c0000 - 0x00007ffbd622b000 	C:\WINDOWS\System32\WS2_32.dll
0x00007ffbd2a90000 - 0x00007ffbd2aa2000 	C:\WINDOWS\SYSTEM32\kernel.appcore.dll
0x00007ffbd0160000 - 0x00007ffbd0170000 	C:\Program Files\Amazon Corretto\jdk11.0.22_7\bin\verify.dll
0x00007ffbd1e50000 - 0x00007ffbd2034000 	C:\WINDOWS\SYSTEM32\DBGHELP.DLL
0x00007ffbc9990000 - 0x00007ffbc99c4000 	C:\WINDOWS\SYSTEM32\dbgcore.DLL
0x00007ffbd4b30000 - 0x00007ffbd4bb2000 	C:\WINDOWS\System32\bcryptPrimitives.dll
0x00007ffbc94b0000 - 0x00007ffbc94d8000 	C:\Program Files\Amazon Corretto\jdk11.0.22_7\bin\java.dll
0x00007ffbcfd70000 - 0x00007ffbcfd7a000 	C:\Program Files\Amazon Corretto\jdk11.0.22_7\bin\jimage.dll
0x00007ffbcd570000 - 0x00007ffbcd57e000 	C:\Program Files\Amazon Corretto\jdk11.0.22_7\bin\instrument.dll
0x00007ffbbcd90000 - 0x00007ffbbcda8000 	C:\Program Files\Amazon Corretto\jdk11.0.22_7\bin\zip.dll
0x00007ffbd57a0000 - 0x00007ffbd5f0c000 	C:\WINDOWS\System32\SHELL32.dll
0x00007ffbd22e0000 - 0x00007ffbd2a7d000 	C:\WINDOWS\SYSTEM32\windows.storage.dll
0x00007ffbd4e10000 - 0x00007ffbd5163000 	C:\WINDOWS\System32\combase.dll
0x00007ffbd3cd0000 - 0x00007ffbd3cfe000 	C:\WINDOWS\SYSTEM32\Wldp.dll
0x00007ffbd6230000 - 0x00007ffbd62fd000 	C:\WINDOWS\System32\OLEAUT32.dll
0x00007ffbd4c30000 - 0x00007ffbd4cdd000 	C:\WINDOWS\System32\SHCORE.dll
0x00007ffbd67c0000 - 0x00007ffbd6815000 	C:\WINDOWS\System32\shlwapi.dll
0x00007ffbd41e0000 - 0x00007ffbd4204000 	C:\WINDOWS\SYSTEM32\profapi.dll
0x00007ffbbc0b0000 - 0x00007ffbbc0c9000 	C:\Program Files\Amazon Corretto\jdk11.0.22_7\bin\net.dll
0x00007ffbd0df0000 - 0x00007ffbd0efa000 	C:\WINDOWS\SYSTEM32\WINHTTP.dll
0x00007ffbd3a30000 - 0x00007ffbd3a9a000 	C:\WINDOWS\system32\mswsock.dll
0x00007ffbbc090000 - 0x00007ffbbc0a2000 	C:\Program Files\Amazon Corretto\jdk11.0.22_7\bin\nio.dll
0x00007ffb7bec0000 - 0x00007ffb7bed7000 	C:\WINDOWS\system32\napinsp.dll
0x00007ffb7bee0000 - 0x00007ffb7befb000 	C:\WINDOWS\system32\pnrpnsp.dll
0x00007ffb987a0000 - 0x00007ffb987b5000 	C:\WINDOWS\system32\wshbth.dll
0x00007ffbd0f00000 - 0x00007ffbd0f1d000 	C:\WINDOWS\system32\NLAapi.dll
0x00007ffbd36c0000 - 0x00007ffbd36fb000 	C:\WINDOWS\SYSTEM32\IPHLPAPI.DLL
0x00007ffbd3750000 - 0x00007ffbd381a000 	C:\WINDOWS\SYSTEM32\DNSAPI.dll
0x00007ffbd67b0000 - 0x00007ffbd67b8000 	C:\WINDOWS\System32\NSI.dll
0x00007ffb7bf00000 - 0x00007ffb7bf12000 	C:\WINDOWS\System32\winrnr.dll
0x00007ffbcfc20000 - 0x00007ffbcfc2a000 	C:\Windows\System32\rasadhlp.dll
0x00007ffbca710000 - 0x00007ffbca790000 	C:\WINDOWS\System32\fwpuclnt.dll

dbghelp: loaded successfully - version: 4.0.5 - missing functions: none
symbol engine: initialized successfully - sym options: 0x614 - pdb path: .;C:\Program Files\Amazon Corretto\jdk11.0.22_7\bin;C:\WINDOWS\SYSTEM32;C:\WINDOWS\WinSxS\amd64_microsoft.windows.common-controls_6595b64144ccf1df_6.0.19041.4355_none_60b8b9eb71f62e16;C:\Program Files\Amazon Corretto\jdk11.0.22_7\bin\server

VM Arguments:
jvm_args: -javaagent:C:\\Users\\Алина\\.m2\\repository\\org\\jacoco\\org.jacoco.agent\\0.8.8\\org.jacoco.agent-0.8.8-runtime.jar=destfile=C:\\Users\\Алина\\Education\\java_ts\\java-shareit\\target\\jacoco.exec,output=file 
java_command: C:\Users\8ADB~1\AppData\Local\Temp\surefire15307852752053945546\surefirebooter562860520370189563.jar C:\Users\Алина\AppData\Local\Temp\surefire15307852752053945546 2024-07-08T17-06-50_625-jvmRun1 surefire7563270431675654124tmp surefire_03703802682235414196tmp
java_class_path (initial): C:\Users\8ADB~1\AppData\Local\Temp\surefire15307852752053945546\surefirebooter562860520370189563.jar
Launcher Type: SUN_STANDARD

[Global flags]
     intx CICompilerCount                          = 4                                         {product} {ergonomic}
     uint ConcGCThreads                            = 2                                         {product} {ergonomic}
     uint G1ConcRefinementThreads                  = 8                                         {product} {ergonomic}
   size_t G1HeapRegionSize                         = 1048576                                   {product} {ergonomic}
    uintx GCDrainStackTargetSize                   = 64                                        {product} {ergonomic}
   size_t InitialHeapSize                          = 264241152                                 {product} {ergonomic}
   size_t MarkStackSize                            = 4194304                                   {product} {ergonomic}
   size_t MaxHeapSize                              = 4227858432                                {product} {ergonomic}
   size_t MaxNewSize                               = 2536505344                                {product} {ergonomic}
   size_t MinHeapDeltaBytes                        = 1048576                                   {product} {ergonomic}
    uintx NonNMethodCodeHeapSize                   = 5836300                                {pd product} {ergonomic}
    uintx NonProfiledCodeHeapSize                  = 122910970                              {pd product} {ergonomic}
    uintx ProfiledCodeHeapSize                     = 122910970                              {pd product} {ergonomic}
    uintx ReservedCodeCacheSize                    = 251658240                              {pd product} {ergonomic}
     bool SegmentedCodeCache                       = true                                      {product} {ergonomic}
     bool UseCompressedClassPointers               = true                                 {lp64_product} {ergonomic}
     bool UseCompressedOops                        = true                                 {lp64_product} {ergonomic}
     bool UseG1GC                                  = true                                      {product} {ergonomic}
     bool UseLargePagesIndividualAllocation        = false                                  {pd product} {ergonomic}

Logging:
Log output configuration:
 #0: stdout all=warning uptime,level,tags
 #1: stderr all=off uptime,level,tags

Environment Variables:
JAVA_HOME=C:\Program Files\Amazon Corretto\jdk11.0.22_7
PATH=C:\Program Files\Amazon Corretto\jdk11.0.22_7\bin;C:\windows\system32;C:\windows;C:\windows\System32\Wbem;C:\windows\System32\WindowsPowerShell\v1.0\;C:\windows\System32\OpenSSH\;C:\Program Files (x86)\NVIDIA Corporation\PhysX\Common;C:\Program Files\NVIDIA Corporation\NVIDIA NvDLISR;C:\WINDOWS\system32;C:\WINDOWS;C:\WINDOWS\System32\Wbem;C:\WINDOWS\System32\WindowsPowerShell\v1.0\;C:\WINDOWS\System32\OpenSSH\;C:\Program Files (x86)\Git\cmd;C:\Program Files\Docker\Docker\resources\bin;C:\Users\Алина\AppData\Local\Microsoft\WindowsApps;;C:\Program Files\JetBrains\IntelliJ IDEA 2024.1.2\bin;
USERNAME=Алина
OS=Windows_NT
PROCESSOR_IDENTIFIER=Intel64 Family 6 Model 140 Stepping 1, GenuineIntel
TMP=C:\Users\8ADB~1\AppData\Local\Temp
TEMP=C:\Users\8ADB~1\AppData\Local\Temp



---------------  S Y S T E M  ---------------

OS: Windows 10 , 64 bit Build 19041 (10.0.19041.3636)
OS uptime: 21 days 19:45 hours
Hyper-V role detected

CPU:total 8 (initial active 8) (4 cores per cpu, 2 threads per core) family 6 model 140 stepping 1 microcode 0x86, cmov, cx8, fxsr, mmx, sse, sse2, sse3, ssse3, sse4.1, sse4.2, popcnt, avx, avx2, aes, clmul, erms, 3dnowpref, lzcnt, ht, tsc, tscinvbit, bmi1, bmi2, adx, evex, sha, fma

Memory: 4k page, system-wide physical 16124M (4444M free)
TotalPageFile size 18556M (AvailPageFile size 3161M)
current process WorkingSet (physical memory assigned to process): 57M, peak: 57M
current process commit charge ("private bytes"): 343M, peak: 343M

vm_info: OpenJDK 64-Bit Server VM (11.0.22+7-LTS) for windows-amd64 JRE (11.0.22+7-LTS), built on Jan 10 2024 19:54:00 by "Administrator" with MS VC++ 16.10 / 16.11 (VS2019)

END.
